d:\desktop(drive data)\gameengines5\s5engine\week1\debug\vc141.pdb
d:\desktop(drive data)\gameengines5\s5engine\week1\debug\vc141.idb
d:\desktop(drive data)\gameengines5\s5engine\week1\debug\mesh.obj
d:\desktop(drive data)\gameengines5\s5engine\week1\debug\startscene.obj
d:\desktop(drive data)\gameengines5\s5engine\week1\debug\timer.obj
d:\desktop(drive data)\gameengines5\s5engine\week1\debug\window.obj
d:\desktop(drive data)\gameengines5\s5engine\week1\debug\main.obj
d:\desktop(drive data)\gameengines5\s5engine\week1\debug\guiimagecomponent.obj
d:\desktop(drive data)\gameengines5\s5engine\week1\debug\guiobject.obj
d:\desktop(drive data)\gameengines5\s5engine\week1\debug\loadobjmodel.obj
d:\desktop(drive data)\gameengines5\s5engine\week1\debug\lightsource.obj
d:\desktop(drive data)\gameengines5\s5engine\week1\debug\game1.obj
d:\desktop(drive data)\gameengines5\s5engine\week1\debug\gamescene.obj
d:\desktop(drive data)\gameengines5\s5engine\week1\debug\frustumcullinghandle.obj
d:\desktop(drive data)\gameengines5\s5engine\week1\debug\eventlistener.obj
d:\desktop(drive data)\gameengines5\s5engine\week1\debug\gameobject.obj
d:\desktop(drive data)\gameengines5\s5engine\week1\debug\physicscomponent.obj
d:\desktop(drive data)\gameengines5\s5engine\week1\debug\coreengine.obj
d:\desktop(drive data)\gameengines5\s5engine\week1\debug\debugger.obj
d:\desktop(drive data)\gameengines5\s5engine\week1\debug\camera.obj
d:\desktop(drive data)\gameengines5\s5engine\week1\debug\collisiondetection.obj
d:\desktop(drive data)\gameengines5\s5engine\week1\debug\collisionhandler.obj
d:\desktop(drive data)\gameengines5\s5engine\week1\debug\spritesurface.obj
d:\desktop(drive data)\gameengines5\s5engine\week1\debug\octspatialpartition.obj
d:\desktop(drive data)\gameengines5\s5engine\week1\debug\materialloader.obj
d:\desktop(drive data)\gameengines5\s5engine\week1\debug\materialhandler.obj
d:\desktop(drive data)\gameengines5\s5engine\week1\debug\scenegraph.obj
d:\desktop(drive data)\gameengines5\s5engine\week1\debug\mouseeventlistener.obj
d:\desktop(drive data)\gameengines5\s5engine\week1\debug\texturehandler.obj
d:\desktop(drive data)\gameengines5\s5engine\week1\debug\shaderhandler.obj
d:\desktop(drive data)\gameengines5\s5engine\week1\debug\model.obj
d:\desktop(drive data)\gameengines5\s5engine\debug\week1.ilk
d:\desktop(drive data)\gameengines5\s5engine\debug\week1.exe
d:\desktop(drive data)\gameengines5\s5engine\debug\week1.pdb
d:\desktop(drive data)\gameengines5\s5engine\week1\debug\week1.tlog\cl.command.1.tlog
d:\desktop(drive data)\gameengines5\s5engine\week1\debug\week1.tlog\cl.read.1.tlog
d:\desktop(drive data)\gameengines5\s5engine\week1\debug\week1.tlog\cl.write.1.tlog
d:\desktop(drive data)\gameengines5\s5engine\week1\debug\week1.tlog\link.command.1.tlog
d:\desktop(drive data)\gameengines5\s5engine\week1\debug\week1.tlog\link.read.1.tlog
d:\desktop(drive data)\gameengines5\s5engine\week1\debug\week1.tlog\link.write.1.tlog
